<?xml version="1.0" encoding="UTF-8"?>
<!-- Generated by org.testng.reporters.JUnitReportReporter -->
<testsuite skipped="0" hostname="mitesh" name="gitciselenium.HeadlessLogin" tests="1" failures="0" timestamp="2020-10-22T10:43:13 IST" time="0.221" errors="0">
  <testcase name="headlessLogin" time="0.221" classname="gitciselenium.HeadlessLogin"/>
  <system-out/>
</testsuite> <!-- gitciselenium.HeadlessLogin -->
